[2019-06-15 02:32:01] local.ERROR: SQLSTATE[HY000] [2002] No connection could be made because the target machine actively refused it.
 (SQL: insert into `telescope_entries` (`batch_id`, `content`, `created_at`, `type`, `uuid`) values (8deec1bb-b6cb-4fe6-9bd6-598bf5cc91a3, {"name":"cache:clearing","payload":[null,[]],"listeners":[],"broadcast":false,"hostname":"LAPTOP-CQR5RTD0"}, 2019-06-15 02:31:59, event, 8deec1bb-0cba-41f3-9576-146b8b94d646), (8deec1bb-b6cb-4fe6-9bd6-598bf5cc91a3, {"name":"cache:cleared","payload":[null,[]],"listeners":[],"broadcast":false,"hostname":"LAPTOP-CQR5RTD0"}, 2019-06-15 02:32:00, event, 8deec1bb-b19d-4cd6-8f2f-ecaa4452cc40), (8deec1bb-b6cb-4fe6-9bd6-598bf5cc91a3, {"command":"cache:clear","exit_code":0,"arguments":{"command":"cache:clear","store":null},"options":{"tags":null,"help":false,"quiet":false,"verbose":false,"version":false,"ansi":false,"no-ansi":false,"no-interaction":false,"env":null},"hostname":"LAPTOP-CQR5RTD0"}, 2019-06-15 02:32:00, command, 8deec1bb-b678-43d5-941a-8edde9ab9290)) {"exception":"[object] (Illuminate\\Database\\QueryException(code: 2002): SQLSTATE[HY000] [2002] No connection could be made because the target machine actively refused it.
 (SQL: insert into `telescope_entries` (`batch_id`, `content`, `created_at`, `type`, `uuid`) values (8deec1bb-b6cb-4fe6-9bd6-598bf5cc91a3, {\"name\":\"cache:clearing\",\"payload\":[null,[]],\"listeners\":[],\"broadcast\":false,\"hostname\":\"LAPTOP-CQR5RTD0\"}, 2019-06-15 02:31:59, event, 8deec1bb-0cba-41f3-9576-146b8b94d646), (8deec1bb-b6cb-4fe6-9bd6-598bf5cc91a3, {\"name\":\"cache:cleared\",\"payload\":[null,[]],\"listeners\":[],\"broadcast\":false,\"hostname\":\"LAPTOP-CQR5RTD0\"}, 2019-06-15 02:32:00, event, 8deec1bb-b19d-4cd6-8f2f-ecaa4452cc40), (8deec1bb-b6cb-4fe6-9bd6-598bf5cc91a3, {\"command\":\"cache:clear\",\"exit_code\":0,\"arguments\":{\"command\":\"cache:clear\",\"store\":null},\"options\":{\"tags\":null,\"help\":false,\"quiet\":false,\"verbose\":false,\"version\":false,\"ansi\":false,\"no-ansi\":false,\"no-interaction\":false,\"env\":null},\"hostname\":\"LAPTOP-CQR5RTD0\"}, 2019-06-15 02:32:00, command, 8deec1bb-b678-43d5-941a-8edde9ab9290)) at C:\\xampp\\htdocs\\codecamp\\vendor\\laravel\\framework\\src\\Illuminate\\Database\\Connection.php:664, PDOException(code: 2002): SQLSTATE[HY000] [2002] No connection could be made because the target machine actively refused it.
 at C:\\xampp\\htdocs\\codecamp\\vendor\\laravel\\framework\\src\\Illuminate\\Database\\Connectors\\Connector.php:70)
[stacktrace]
#0 C:\\xampp\\htdocs\\codecamp\\vendor\\laravel\\framework\\src\\Illuminate\\Database\\Connection.php(624): Illuminate\\Database\\Connection->runQueryCallback('insert into `te...', Array, Object(Closure))
#1 C:\\xampp\\htdocs\\codecamp\\vendor\\laravel\\framework\\src\\Illuminate\\Database\\Connection.php(459): Illuminate\\Database\\Connection->run('insert into `te...', Array, Object(Closure))
#2 C:\\xampp\\htdocs\\codecamp\\vendor\\laravel\\framework\\src\\Illuminate\\Database\\Connection.php(411): Illuminate\\Database\\Connection->statement('insert into `te...', Array)
#3 C:\\xampp\\htdocs\\codecamp\\vendor\\laravel\\framework\\src\\Illuminate\\Database\\Query\\Builder.php(2640): Illuminate\\Database\\Connection->insert('insert into `te...', Array)
#4 C:\\xampp\\htdocs\\codecamp\\vendor\\laravel\\telescope\\src\\Storage\\DatabaseEntriesRepository.php(121): Illuminate\\Database\\Query\\Builder->insert(Array)
#5 C:\\xampp\\htdocs\\codecamp\\vendor\\laravel\\framework\\src\\Illuminate\\Support\\Collection.php(475): Laravel\\Telescope\\Storage\\DatabaseEntriesRepository->Laravel\\Telescope\\Storage\\{closure}(Object(Illuminate\\Support\\Collection), 0)
#6 C:\\xampp\\htdocs\\codecamp\\vendor\\laravel\\telescope\\src\\Storage\\DatabaseEntriesRepository.php(122): Illuminate\\Support\\Collection->each(Object(Closure))
#7 C:\\xampp\\htdocs\\codecamp\\vendor\\laravel\\telescope\\src\\Telescope.php(553): Laravel\\Telescope\\Storage\\DatabaseEntriesRepository->store(Object(Illuminate\\Support\\Collection))
#8 C:\\xampp\\htdocs\\codecamp\\vendor\\laravel\\telescope\\src\\ListensForStorageOpportunities.php(44): Laravel\\Telescope\\Telescope::store(Object(Laravel\\Telescope\\Storage\\DatabaseEntriesRepository))
#9 [internal function]: Laravel\\Telescope\\Telescope::Laravel\\Telescope\\{closure}()
#10 C:\\xampp\\htdocs\\codecamp\\vendor\\laravel\\framework\\src\\Illuminate\\Container\\BoundMethod.php(32): call_user_func_array(Object(Closure), Array)
#11 C:\\xampp\\htdocs\\codecamp\\vendor\\laravel\\framework\\src\\Illuminate\\Container\\BoundMethod.php(78): Illuminate\\Container\\BoundMethod::Illuminate\\Container\\{closure}()
#12 C:\\xampp\\htdocs\\codecamp\\vendor\\laravel\\framework\\src\\Illuminate\\Container\\BoundMethod.php(34): Illuminate\\Container\\BoundMethod::callBoundMethod(Object(Illuminate\\Foundation\\Application), Object(Closure), Object(Closure))
#13 C:\\xampp\\htdocs\\codecamp\\vendor\\laravel\\framework\\src\\Illuminate\\Container\\Container.php(576): Illuminate\\Container\\BoundMethod::call(Object(Illuminate\\Foundation\\Application), Object(Closure), Array, NULL)
#14 C:\\xampp\\htdocs\\codecamp\\vendor\\laravel\\framework\\src\\Illuminate\\Foundation\\Application.php(1009): Illuminate\\Container\\Container->call(Object(Closure))
#15 C:\\xampp\\htdocs\\codecamp\\vendor\\laravel\\framework\\src\\Illuminate\\Foundation\\Console\\Kernel.php(160): Illuminate\\Foundation\\Application->terminate()
#16 C:\\xampp\\htdocs\\codecamp\\artisan(51): Illuminate\\Foundation\\Console\\Kernel->terminate(Object(Symfony\\Component\\Console\\Input\\ArgvInput), 0)
#17 {main}
"} 
[2019-06-15 02:32:12] local.ERROR: SQLSTATE[HY000] [2002] No connection could be made because the target machine actively refused it.
 (SQL: insert into `telescope_entries` (`batch_id`, `content`, `created_at`, `type`, `uuid`) values (8deec1cc-acbf-4eb2-97e6-e4d0e55e1c8f, {"command":"config:clear","exit_code":0,"arguments":{"command":"config:clear"},"options":{"help":false,"quiet":false,"verbose":false,"version":false,"ansi":false,"no-ansi":false,"no-interaction":false,"env":null},"hostname":"LAPTOP-CQR5RTD0"}, 2019-06-15 02:32:11, command, 8deec1cc-a4a3-4ded-b71b-7e0d9b3a34e1)) {"exception":"[object] (Illuminate\\Database\\QueryException(code: 2002): SQLSTATE[HY000] [2002] No connection could be made because the target machine actively refused it.
 (SQL: insert into `telescope_entries` (`batch_id`, `content`, `created_at`, `type`, `uuid`) values (8deec1cc-acbf-4eb2-97e6-e4d0e55e1c8f, {\"command\":\"config:clear\",\"exit_code\":0,\"arguments\":{\"command\":\"config:clear\"},\"options\":{\"help\":false,\"quiet\":false,\"verbose\":false,\"version\":false,\"ansi\":false,\"no-ansi\":false,\"no-interaction\":false,\"env\":null},\"hostname\":\"LAPTOP-CQR5RTD0\"}, 2019-06-15 02:32:11, command, 8deec1cc-a4a3-4ded-b71b-7e0d9b3a34e1)) at C:\\xampp\\htdocs\\codecamp\\vendor\\laravel\\framework\\src\\Illuminate\\Database\\Connection.php:664, PDOException(code: 2002): SQLSTATE[HY000] [2002] No connection could be made because the target machine actively refused it.
 at C:\\xampp\\htdocs\\codecamp\\vendor\\laravel\\framework\\src\\Illuminate\\Database\\Connectors\\Connector.php:70)
[stacktrace]
#0 C:\\xampp\\htdocs\\codecamp\\vendor\\laravel\\framework\\src\\Illuminate\\Database\\Connection.php(624): Illuminate\\Database\\Connection->runQueryCallback('insert into `te...', Array, Object(Closure))
#1 C:\\xampp\\htdocs\\codecamp\\vendor\\laravel\\framework\\src\\Illuminate\\Database\\Connection.php(459): Illuminate\\Database\\Connection->run('insert into `te...', Array, Object(Closure))
#2 C:\\xampp\\htdocs\\codecamp\\vendor\\laravel\\framework\\src\\Illuminate\\Database\\Connection.php(411): Illuminate\\Database\\Connection->statement('insert into `te...', Array)
#3 C:\\xampp\\htdocs\\codecamp\\vendor\\laravel\\framework\\src\\Illuminate\\Database\\Query\\Builder.php(2640): Illuminate\\Database\\Connection->insert('insert into `te...', Array)
#4 C:\\xampp\\htdocs\\codecamp\\vendor\\laravel\\telescope\\src\\Storage\\DatabaseEntriesRepository.php(121): Illuminate\\Database\\Query\\Builder->insert(Array)
#5 C:\\xampp\\htdocs\\codecamp\\vendor\\laravel\\framework\\src\\Illuminate\\Support\\Collection.php(475): Laravel\\Telescope\\Storage\\DatabaseEntriesRepository->Laravel\\Telescope\\Storage\\{closure}(Object(Illuminate\\Support\\Collection), 0)
#6 C:\\xampp\\htdocs\\codecamp\\vendor\\laravel\\telescope\\src\\Storage\\DatabaseEntriesRepository.php(122): Illuminate\\Support\\Collection->each(Object(Closure))
#7 C:\\xampp\\htdocs\\codecamp\\vendor\\laravel\\telescope\\src\\Telescope.php(553): Laravel\\Telescope\\Storage\\DatabaseEntriesRepository->store(Object(Illuminate\\Support\\Collection))
#8 C:\\xampp\\htdocs\\codecamp\\vendor\\laravel\\telescope\\src\\ListensForStorageOpportunities.php(44): Laravel\\Telescope\\Telescope::store(Object(Laravel\\Telescope\\Storage\\DatabaseEntriesRepository))
#9 [internal function]: Laravel\\Telescope\\Telescope::Laravel\\Telescope\\{closure}()
#10 C:\\xampp\\htdocs\\codecamp\\vendor\\laravel\\framework\\src\\Illuminate\\Container\\BoundMethod.php(32): call_user_func_array(Object(Closure), Array)
#11 C:\\xampp\\htdocs\\codecamp\\vendor\\laravel\\framework\\src\\Illuminate\\Container\\BoundMethod.php(78): Illuminate\\Container\\BoundMethod::Illuminate\\Container\\{closure}()
#12 C:\\xampp\\htdocs\\codecamp\\vendor\\laravel\\framework\\src\\Illuminate\\Container\\BoundMethod.php(34): Illuminate\\Container\\BoundMethod::callBoundMethod(Object(Illuminate\\Foundation\\Application), Object(Closure), Object(Closure))
#13 C:\\xampp\\htdocs\\codecamp\\vendor\\laravel\\framework\\src\\Illuminate\\Container\\Container.php(576): Illuminate\\Container\\BoundMethod::call(Object(Illuminate\\Foundation\\Application), Object(Closure), Array, NULL)
#14 C:\\xampp\\htdocs\\codecamp\\vendor\\laravel\\framework\\src\\Illuminate\\Foundation\\Application.php(1009): Illuminate\\Container\\Container->call(Object(Closure))
#15 C:\\xampp\\htdocs\\codecamp\\vendor\\laravel\\framework\\src\\Illuminate\\Foundation\\Console\\Kernel.php(160): Illuminate\\Foundation\\Application->terminate()
#16 C:\\xampp\\htdocs\\codecamp\\artisan(51): Illuminate\\Foundation\\Console\\Kernel->terminate(Object(Symfony\\Component\\Console\\Input\\ArgvInput), 0)
#17 {main}
"} 
